demo/platforms/android/build/outputs/logs/manifest-merger-F0-F1-debug-report.txt
-- Merging decision tree log ---
manifest
ADDED from src\main\AndroidManifest.xml:2:1-43:12
	package
		ADDED from src\main\AndroidManifest.xml:3:2-33
		INJECTED from src\main\AndroidManifest.xml
		ADDED from src\main\AndroidManifest.xml:3:2-33
		INJECTED from src\F0\AndroidManifest.xml
	android:versionName
		ADDED from src\main\AndroidManifest.xml:5:2-27
		INJECTED from src\main\AndroidManifest.xml
		ADDED from src\main\AndroidManifest.xml:5:2-27
		INJECTED from src\F0\AndroidManifest.xml
	android:versionCode
		ADDED from src\main\AndroidManifest.xml:4:2-25
		INJECTED from src\main\AndroidManifest.xml
		ADDED from src\main\AndroidManifest.xml:4:2-25
		INJECTED from src\F0\AndroidManifest.xml
	xmlns:android
		ADDED from src\main\AndroidManifest.xml:2:11-69
supports-screens
ADDED from src\main\AndroidManifest.xml:7:2-11:33
	android:largeScreens
		ADDED from src\main\AndroidManifest.xml:10:3-30
	android:smallScreens
		ADDED from src\main\AndroidManifest.xml:8:3-30
	android:normalScreens
		ADDED from src\main\AndroidManifest.xml:9:3-31
	android:xlargeScreens
		ADDED from src\main\AndroidManifest.xml:11:3-31
uses-sdk
ADDED from src\main\AndroidManifest.xml:13:2-15:34
MERGED from [demo:runtime:unspecified] AndroidManifest.xml:7:5-9:41
MERGED from [com.braintreepayments.api:drop-in:3.0.8] AndroidManifest.xml:8:5-10:41
MERGED from [com.braintreepayments.api:braintree:2.4.3] AndroidManifest.xml:7:5-9:41
MERGED from [com.paypal.android.sdk:paypal-one-touch:2.4.3] AndroidManifest.xml:7:5-9:41
MERGED from [com.braintreepayments.api:core:2.4.3] AndroidManifest.xml:7:5-9:41
MERGED from [com.braintreepayments:card-form:3.0.5] AndroidManifest.xml:8:5-10:41
MERGED from [com.android.support:cardview-v7:25.3.1] AndroidManifest.xml:20:5-43
MERGED from [:widgets-release:] AndroidManifest.xml:7:5-9:41
MERGED from [com.android.support:design:25.3.1] AndroidManifest.xml:21:5-23:62
MERGED from [com.android.support:appcompat-v7:25.3.1] AndroidManifest.xml:21:5-23:78
MERGED from [com.android.support:animated-vector-drawable:25.3.1] AndroidManifest.xml:20:5-44
MERGED from [com.android.support:support-vector-drawable:25.3.1] AndroidManifest.xml:20:5-43
MERGED from [com.android.support:recyclerview-v7:25.3.1] AndroidManifest.xml:20:5-43
MERGED from [com.android.support:transition:25.3.1] AndroidManifest.xml:20:5-44
MERGED from [com.android.support:support-v4:25.3.1] AndroidManifest.xml:21:5-23:54
MERGED from [com.android.support:support-fragment:25.3.1] AndroidManifest.xml:21:5-23:60
MERGED from [com.android.support:support-media-compat:25.3.1] AndroidManifest.xml:21:5-23:63
MERGED from [com.android.support:support-core-ui:25.3.1] AndroidManifest.xml:21:5-23:58
MERGED from [com.android.support:support-core-utils:25.3.1] AndroidManifest.xml:21:5-23:61
MERGED from [com.android.support:support-compat:25.3.1] AndroidManifest.xml:21:5-23:58
	tools:overrideLibrary
		ADDED from [com.android.support:design:25.3.1] AndroidManifest.xml:23:9-59
	android:targetSdkVersion
		ADDED from src\main\AndroidManifest.xml:15:3-32
		INJECTED from src\main\AndroidManifest.xml
		INJECTED from src\F0\AndroidManifest.xml
	android:minSdkVersion
		ADDED from src\main\AndroidManifest.xml:14:3-29
		INJECTED from src\main\AndroidManifest.xml
		INJECTED from src\F0\AndroidManifest.xml
uses-permission#android.permission.READ_EXTERNAL_STORAGE
ADDED from src\main\AndroidManifest.xml:17:2-76
	android:name
		ADDED from src\main\AndroidManifest.xml:17:19-74
uses-permission#android.permission.WRITE_EXTERNAL_STORAGE
ADDED from src\main\AndroidManifest.xml:18:2-77
	android:name
		ADDED from src\main\AndroidManifest.xml:18:19-75
uses-permission#android.permission.INTERNET
ADDED from src\main\AndroidManifest.xml:19:2-63
MERGED from [com.braintreepayments.api:drop-in:3.0.8] AndroidManifest.xml:13:5-67
MERGED from [com.braintreepayments.api:braintree:2.4.3] AndroidManifest.xml:12:5-67
MERGED from [com.paypal.android.sdk:paypal-one-touch:2.4.3] AndroidManifest.xml:11:5-67
	android:name
		ADDED from src\main\AndroidManifest.xml:19:19-61
application
ADDED from src\main\AndroidManifest.xml:21:2-42:16
MERGED from src\main\AndroidManifest.xml:21:2-42:16
MERGED from [com.braintreepayments.api:drop-in:3.0.8] AndroidManifest.xml:15:5-27:19
MERGED from [com.braintreepayments.api:braintree:2.4.3] AndroidManifest.xml:14:5-21:19
MERGED from [com.android.support:cardview-v7:25.3.1] AndroidManifest.xml:26:5-20
MERGED from [:widgets-release:] AndroidManifest.xml:11:5-12:19
MERGED from [com.android.support:design:25.3.1] AndroidManifest.xml:29:5-20
MERGED from [com.android.support:appcompat-v7:25.3.1] AndroidManifest.xml:29:5-20
MERGED from [com.android.support:animated-vector-drawable:25.3.1] AndroidManifest.xml:26:5-20
MERGED from [com.android.support:support-vector-drawable:25.3.1] AndroidManifest.xml:26:5-20
MERGED from [com.android.support:transition:25.3.1] AndroidManifest.xml:26:5-20
MERGED from [com.android.support:support-v4:25.3.1] AndroidManifest.xml:29:5-20
MERGED from [com.android.support:support-fragment:25.3.1] AndroidManifest.xml:29:5-20
MERGED from [com.android.support:support-media-compat:25.3.1] AndroidManifest.xml:29:5-20
MERGED from [com.android.support:support-core-ui:25.3.1] AndroidManifest.xml:29:5-20
MERGED from [com.android.support:support-core-utils:25.3.1] AndroidManifest.xml:29:5-20
MERGED from [com.android.support:support-compat:25.3.1] AndroidManifest.xml:29:5-20
	android:label
		ADDED from src\main\AndroidManifest.xml:25:3-35
		ADDED from src\main\AndroidManifest.xml:25:3-35
	android:supportsRtl
		ADDED from [com.braintreepayments.api:drop-in:3.0.8] AndroidManifest.xml:16:9-35
	tools:ignore
		ADDED from [com.braintreepayments.api:drop-in:3.0.8] AndroidManifest.xml:17:9-39
	android:allowBackup
		ADDED from src\main\AndroidManifest.xml:23:3-29
		ADDED from src\main\AndroidManifest.xml:23:3-29
	android:icon
		ADDED from src\main\AndroidManifest.xml:24:3-32
		ADDED from src\main\AndroidManifest.xml:24:3-32
	android:theme
		ADDED from src\main\AndroidManifest.xml:26:3-34
		ADDED from src\main\AndroidManifest.xml:26:3-34
	android:name
		ADDED from src\main\AndroidManifest.xml:22:3-49
		ADDED from src\main\AndroidManifest.xml:22:3-49
activity#com.tns.NativeScriptActivity
ADDED from src\main\AndroidManifest.xml:28:3-40:14
	android:label
		ADDED from src\main\AndroidManifest.xml:30:4-49
	android:configChanges
		ADDED from src\main\AndroidManifest.xml:31:4-65
	android:theme
		ADDED from src\main\AndroidManifest.xml:32:4-44
	android:name
		ADDED from src\main\AndroidManifest.xml:29:4-47
meta-data#SET_THEME_ON_LAUNCH
ADDED from src\main\AndroidManifest.xml:34:4-87
	android:resource
		ADDED from src\main\AndroidManifest.xml:34:50-84
	android:name
		ADDED from src\main\AndroidManifest.xml:34:15-49
intent-filter#android.intent.action.MAIN+android.intent.category.LAUNCHER
ADDED from src\main\AndroidManifest.xml:36:4-39:20
action#android.intent.action.MAIN
ADDED from src\main\AndroidManifest.xml:37:5-57
	android:name
		ADDED from src\main\AndroidManifest.xml:37:13-54
category#android.intent.category.LAUNCHER
ADDED from src\main\AndroidManifest.xml:38:5-65
	android:name
		ADDED from src\main\AndroidManifest.xml:38:15-62
activity#com.tns.ErrorReportActivity
ADDED from src\main\AndroidManifest.xml:41:3-57
	android:name
		ADDED from src\main\AndroidManifest.xml:41:13-55
uses-permission#android.permission.ACCESS_NETWORK_STATE
ADDED from [com.braintreepayments.api:drop-in:3.0.8] AndroidManifest.xml:12:5-79
MERGED from [com.braintreepayments.api:braintree:2.4.3] AndroidManifest.xml:11:5-79
	android:name
		ADDED from [com.braintreepayments.api:drop-in:3.0.8] AndroidManifest.xml:12:22-76
activity#com.braintreepayments.api.threedsecure.ThreeDSecureWebViewActivity
ADDED from [com.braintreepayments.api:drop-in:3.0.8] AndroidManifest.xml:18:9-20:62
MERGED from [com.braintreepayments.api:braintree:2.4.3] AndroidManifest.xml:18:9-103
	android:theme
		ADDED from [com.braintreepayments.api:drop-in:3.0.8] AndroidManifest.xml:20:13-59
	android:name
		ADDED from [com.braintreepayments.api:drop-in:3.0.8] AndroidManifest.xml:19:13-94
activity#com.braintreepayments.api.dropin.DropInActivity
ADDED from [com.braintreepayments.api:drop-in:3.0.8] AndroidManifest.xml:21:9-23:64
	android:theme
		ADDED from [com.braintreepayments.api:drop-in:3.0.8] AndroidManifest.xml:23:13-61
	android:name
		ADDED from [com.braintreepayments.api:drop-in:3.0.8] AndroidManifest.xml:22:13-75
activity#com.braintreepayments.api.dropin.AddCardActivity
ADDED from [com.braintreepayments.api:drop-in:3.0.8] AndroidManifest.xml:24:9-26:65
	android:theme
		ADDED from [com.braintreepayments.api:drop-in:3.0.8] AndroidManifest.xml:26:13-62
	android:name
		ADDED from [com.braintreepayments.api:drop-in:3.0.8] AndroidManifest.xml:25:13-76
activity#com.braintreepayments.api.AndroidPayActivity
ADDED from [com.braintreepayments.api:braintree:2.4.3] AndroidManifest.xml:15:9-17:62
	android:theme
		ADDED from [com.braintreepayments.api:braintree:2.4.3] AndroidManifest.xml:17:13-59
	android:name
		ADDED from [com.braintreepayments.api:braintree:2.4.3] AndroidManifest.xml:16:13-72
service#com.braintreepayments.api.internal.AnalyticsIntentService
ADDED from [com.braintreepayments.api:braintree:2.4.3] AndroidManifest.xml:20:9-93
	android:name
		ADDED from [com.braintreepayments.api:braintree:2.4.3] AndroidManifest.xml:20:18-90
meta-data#android.support.VERSION
ADDED from [com.android.support:cardview-v7:25.3.1] AndroidManifest.xml:22:5-24:34
MERGED from [com.android.support:design:25.3.1] AndroidManifest.xml:25:5-27:34
MERGED from [com.android.support:appcompat-v7:25.3.1] AndroidManifest.xml:25:5-27:34
MERGED from [com.android.support:animated-vector-drawable:25.3.1] AndroidManifest.xml:22:5-24:34
MERGED from [com.android.support:support-vector-drawable:25.3.1] AndroidManifest.xml:22:5-24:34
MERGED from [com.android.support:recyclerview-v7:25.3.1] AndroidManifest.xml:22:5-24:34
MERGED from [com.android.support:transition:25.3.1] AndroidManifest.xml:22:5-24:34
MERGED from [com.android.support:support-v4:25.3.1] AndroidManifest.xml:25:5-27:34
MERGED from [com.android.support:support-fragment:25.3.1] AndroidManifest.xml:25:5-27:34
MERGED from [com.android.support:support-media-compat:25.3.1] AndroidManifest.xml:25:5-27:34
MERGED from [com.android.support:support-core-ui:25.3.1] AndroidManifest.xml:25:5-27:34
MERGED from [com.android.support:support-core-utils:25.3.1] AndroidManifest.xml:25:5-27:34
MERGED from [com.android.support:support-compat:25.3.1] AndroidManifest.xml:25:5-27:34
	android:value
		ADDED from [com.android.support:cardview-v7:25.3.1] AndroidManifest.xml:24:9-31
	android:name
		ADDED from [com.android.support:cardview-v7:25.3.1] AndroidManifest.xml:23:9-47